{"/home/luska/Documents/AgroFlow-Backend/dist/src/index.js": {"path":"/home/luska/Documents/AgroFlow-Backend/dist/src/index.js","statementMap":{"0":{"start":{"line":2,"column":16},"end":{"line":10,"column":1}},"1":{"start":{"line":3,"column":28},"end":{"line":3,"column":110}},"2":{"start":{"line":3,"column":91},"end":{"line":3,"column":106}},"3":{"start":{"line":4,"column":4},"end":{"line":9,"column":7}},"4":{"start":{"line":5,"column":36},"end":{"line":5,"column":97}},"5":{"start":{"line":5,"column":42},"end":{"line":5,"column":70}},"6":{"start":{"line":5,"column":85},"end":{"line":5,"column":95}},"7":{"start":{"line":6,"column":35},"end":{"line":6,"column":100}},"8":{"start":{"line":6,"column":41},"end":{"line":6,"column":73}},"9":{"start":{"line":6,"column":88},"end":{"line":6,"column":98}},"10":{"start":{"line":7,"column":32},"end":{"line":7,"column":116}},"11":{"start":{"line":8,"column":8},"end":{"line":8,"column":78}},"12":{"start":{"line":11,"column":22},"end":{"line":13,"column":1}},"13":{"start":{"line":12,"column":4},"end":{"line":12,"column":62}},"14":{"start":{"line":14,"column":0},"end":{"line":14,"column":62}},"15":{"start":{"line":15,"column":18},"end":{"line":15,"column":53}},"16":{"start":{"line":16,"column":17},"end":{"line":16,"column":51}},"17":{"start":{"line":17,"column":16},"end":{"line":17,"column":66}},"18":{"start":{"line":18,"column":0},"end":{"line":18,"column":26}},"19":{"start":{"line":19,"column":12},"end":{"line":19,"column":36}},"20":{"start":{"line":20,"column":13},"end":{"line":20,"column":29}},"21":{"start":{"line":21,"column":12},"end":{"line":21,"column":32}},"22":{"start":{"line":22,"column":0},"end":{"line":24,"column":4}},"23":{"start":{"line":22,"column":36},"end":{"line":24,"column":2}},"24":{"start":{"line":23,"column":4},"end":{"line":23,"column":79}},"25":{"start":{"line":25,"column":0},"end":{"line":33,"column":4}},"26":{"start":{"line":25,"column":39},"end":{"line":33,"column":2}},"27":{"start":{"line":26,"column":4},"end":{"line":32,"column":5}},"28":{"start":{"line":27,"column":8},"end":{"line":27,"column":45}},"29":{"start":{"line":28,"column":8},"end":{"line":28,"column":99}},"30":{"start":{"line":31,"column":8},"end":{"line":31,"column":99}},"31":{"start":{"line":34,"column":0},"end":{"line":38,"column":1}},"32":{"start":{"line":35,"column":4},"end":{"line":37,"column":7}},"33":{"start":{"line":36,"column":8},"end":{"line":36,"column":79}},"34":{"start":{"line":39,"column":0},"end":{"line":39,"column":22}}},"fnMap":{"0":{"name":"(anonymous_0)","decl":{"start":{"line":2,"column":44},"end":{"line":2,"column":45}},"loc":{"start":{"line":2,"column":89},"end":{"line":10,"column":1}},"line":2},"1":{"name":"adopt","decl":{"start":{"line":3,"column":13},"end":{"line":3,"column":18}},"loc":{"start":{"line":3,"column":26},"end":{"line":3,"column":112}},"line":3},"2":{"name":"(anonymous_2)","decl":{"start":{"line":3,"column":70},"end":{"line":3,"column":71}},"loc":{"start":{"line":3,"column":89},"end":{"line":3,"column":108}},"line":3},"3":{"name":"(anonymous_3)","decl":{"start":{"line":4,"column":36},"end":{"line":4,"column":37}},"loc":{"start":{"line":4,"column":63},"end":{"line":9,"column":5}},"line":4},"4":{"name":"fulfilled","decl":{"start":{"line":5,"column":17},"end":{"line":5,"column":26}},"loc":{"start":{"line":5,"column":34},"end":{"line":5,"column":99}},"line":5},"5":{"name":"rejected","decl":{"start":{"line":6,"column":17},"end":{"line":6,"column":25}},"loc":{"start":{"line":6,"column":33},"end":{"line":6,"column":102}},"line":6},"6":{"name":"step","decl":{"start":{"line":7,"column":17},"end":{"line":7,"column":21}},"loc":{"start":{"line":7,"column":30},"end":{"line":7,"column":118}},"line":7},"7":{"name":"(anonymous_7)","decl":{"start":{"line":11,"column":56},"end":{"line":11,"column":57}},"loc":{"start":{"line":11,"column":71},"end":{"line":13,"column":1}},"line":11},"8":{"name":"(anonymous_8)","decl":{"start":{"line":22,"column":13},"end":{"line":22,"column":14}},"loc":{"start":{"line":22,"column":36},"end":{"line":24,"column":2}},"line":22},"9":{"name":"(anonymous_9)","decl":{"start":{"line":22,"column":70},"end":{"line":22,"column":71}},"loc":{"start":{"line":22,"column":83},"end":{"line":24,"column":1}},"line":22},"10":{"name":"(anonymous_10)","decl":{"start":{"line":25,"column":16},"end":{"line":25,"column":17}},"loc":{"start":{"line":25,"column":39},"end":{"line":33,"column":2}},"line":25},"11":{"name":"(anonymous_11)","decl":{"start":{"line":25,"column":73},"end":{"line":25,"column":74}},"loc":{"start":{"line":25,"column":86},"end":{"line":33,"column":1}},"line":25},"12":{"name":"(anonymous_12)","decl":{"start":{"line":35,"column":21},"end":{"line":35,"column":22}},"loc":{"start":{"line":35,"column":27},"end":{"line":37,"column":5}},"line":35}},"branchMap":{"0":{"loc":{"start":{"line":2,"column":16},"end":{"line":10,"column":1}},"type":"binary-expr","locations":[{"start":{"line":2,"column":17},"end":{"line":2,"column":21}},{"start":{"line":2,"column":25},"end":{"line":2,"column":39}},{"start":{"line":2,"column":44},"end":{"line":10,"column":1}}],"line":2},"1":{"loc":{"start":{"line":3,"column":35},"end":{"line":3,"column":109}},"type":"cond-expr","locations":[{"start":{"line":3,"column":56},"end":{"line":3,"column":61}},{"start":{"line":3,"column":64},"end":{"line":3,"column":109}}],"line":3},"2":{"loc":{"start":{"line":4,"column":16},"end":{"line":4,"column":34}},"type":"binary-expr","locations":[{"start":{"line":4,"column":16},"end":{"line":4,"column":17}},{"start":{"line":4,"column":22},"end":{"line":4,"column":33}}],"line":4},"3":{"loc":{"start":{"line":7,"column":32},"end":{"line":7,"column":115}},"type":"cond-expr","locations":[{"start":{"line":7,"column":46},"end":{"line":7,"column":67}},{"start":{"line":7,"column":70},"end":{"line":7,"column":115}}],"line":7},"4":{"loc":{"start":{"line":8,"column":51},"end":{"line":8,"column":67}},"type":"binary-expr","locations":[{"start":{"line":8,"column":51},"end":{"line":8,"column":61}},{"start":{"line":8,"column":65},"end":{"line":8,"column":67}}],"line":8},"5":{"loc":{"start":{"line":11,"column":22},"end":{"line":13,"column":1}},"type":"binary-expr","locations":[{"start":{"line":11,"column":23},"end":{"line":11,"column":27}},{"start":{"line":11,"column":31},"end":{"line":11,"column":51}},{"start":{"line":11,"column":56},"end":{"line":13,"column":1}}],"line":11},"6":{"loc":{"start":{"line":12,"column":11},"end":{"line":12,"column":61}},"type":"cond-expr","locations":[{"start":{"line":12,"column":37},"end":{"line":12,"column":40}},{"start":{"line":12,"column":43},"end":{"line":12,"column":61}}],"line":12},"7":{"loc":{"start":{"line":12,"column":12},"end":{"line":12,"column":33}},"type":"binary-expr","locations":[{"start":{"line":12,"column":12},"end":{"line":12,"column":15}},{"start":{"line":12,"column":19},"end":{"line":12,"column":33}}],"line":12},"8":{"loc":{"start":{"line":34,"column":0},"end":{"line":38,"column":1}},"type":"if","locations":[{"start":{"line":34,"column":0},"end":{"line":38,"column":1}},{"start":{},"end":{}}],"line":34}},"s":{"0":1,"1":1,"2":0,"3":2,"4":1,"5":1,"6":0,"7":0,"8":0,"9":0,"10":3,"11":2,"12":1,"13":3,"14":1,"15":1,"16":1,"17":1,"18":1,"19":1,"20":1,"21":1,"22":1,"23":1,"24":1,"25":1,"26":1,"27":1,"28":1,"29":1,"30":0,"31":1,"32":0,"33":0,"34":1},"f":{"0":2,"1":1,"2":0,"3":2,"4":1,"5":0,"6":3,"7":3,"8":1,"9":1,"10":1,"11":1,"12":0},"b":{"0":[1,1,1],"1":[1,0],"2":[2,2],"3":[2,1],"4":[2,2],"5":[1,1,1],"6":[1,2],"7":[3,3],"8":[0,1]},"inputSourceMap":null,"_coverageSchema":"1a1c01bbd47fc00a2c39e90264f33305004495a9","hash":"36067ff07f86f04a66439833bc36871968de8b21"}
,"/home/luska/Documents/AgroFlow-Backend/dist/src/config/db.config.js": {"path":"/home/luska/Documents/AgroFlow-Backend/dist/src/config/db.config.js","statementMap":{"0":{"start":{"line":2,"column":22},"end":{"line":4,"column":1}},"1":{"start":{"line":3,"column":4},"end":{"line":3,"column":62}},"2":{"start":{"line":5,"column":0},"end":{"line":5,"column":62}},"3":{"start":{"line":6,"column":17},"end":{"line":6,"column":51}},"4":{"start":{"line":7,"column":0},"end":{"line":7,"column":26}},"5":{"start":{"line":8,"column":15},"end":{"line":33,"column":1}},"6":{"start":{"line":34,"column":0},"end":{"line":34,"column":25}}},"fnMap":{"0":{"name":"(anonymous_0)","decl":{"start":{"line":2,"column":56},"end":{"line":2,"column":57}},"loc":{"start":{"line":2,"column":71},"end":{"line":4,"column":1}},"line":2}},"branchMap":{"0":{"loc":{"start":{"line":2,"column":22},"end":{"line":4,"column":1}},"type":"binary-expr","locations":[{"start":{"line":2,"column":23},"end":{"line":2,"column":27}},{"start":{"line":2,"column":31},"end":{"line":2,"column":51}},{"start":{"line":2,"column":56},"end":{"line":4,"column":1}}],"line":2},"1":{"loc":{"start":{"line":3,"column":11},"end":{"line":3,"column":61}},"type":"cond-expr","locations":[{"start":{"line":3,"column":37},"end":{"line":3,"column":40}},{"start":{"line":3,"column":43},"end":{"line":3,"column":61}}],"line":3},"2":{"loc":{"start":{"line":3,"column":12},"end":{"line":3,"column":33}},"type":"binary-expr","locations":[{"start":{"line":3,"column":12},"end":{"line":3,"column":15}},{"start":{"line":3,"column":19},"end":{"line":3,"column":33}}],"line":3}},"s":{"0":1,"1":1,"2":1,"3":1,"4":1,"5":1,"6":1},"f":{"0":1},"b":{"0":[1,1,1],"1":[0,1],"2":[1,1]},"inputSourceMap":null,"_coverageSchema":"1a1c01bbd47fc00a2c39e90264f33305004495a9","hash":"eb2334801f3d170b73fca9ab20f7904c0fbc9005"}
,"/home/luska/Documents/AgroFlow-Backend/dist/src/config/env.js": {"path":"/home/luska/Documents/AgroFlow-Backend/dist/src/config/env.js","statementMap":{"0":{"start":{"line":2,"column":0},"end":{"line":2,"column":62}},"1":{"start":{"line":3,"column":24},"end":{"line":3,"column":44}},"2":{"start":{"line":4,"column":0},"end":{"line":4,"column":34}}},"fnMap":{},"branchMap":{},"s":{"0":1,"1":1,"2":1},"f":{},"b":{},"inputSourceMap":null,"_coverageSchema":"1a1c01bbd47fc00a2c39e90264f33305004495a9","hash":"b59f23b4df9e3b269dacc9e35dd42c1d7cf2ccfe"}
,"/home/luska/Documents/AgroFlow-Backend/dist/src/usuario/models/index.js": {"path":"/home/luska/Documents/AgroFlow-Backend/dist/src/usuario/models/index.js","statementMap":{"0":{"start":{"line":2,"column":22},"end":{"line":4,"column":1}},"1":{"start":{"line":3,"column":4},"end":{"line":3,"column":62}},"2":{"start":{"line":5,"column":0},"end":{"line":5,"column":62}},"3":{"start":{"line":6,"column":20},"end":{"line":6,"column":40}},"4":{"start":{"line":7,"column":14},"end":{"line":7,"column":58}},"5":{"start":{"line":8,"column":20},"end":{"line":8,"column":70}},"6":{"start":{"line":9,"column":18},"end":{"line":9,"column":52}},"7":{"start":{"line":10,"column":19},"end":{"line":13,"column":2}},"8":{"start":{"line":14,"column":0},"end":{"line":14,"column":29}}},"fnMap":{"0":{"name":"(anonymous_0)","decl":{"start":{"line":2,"column":56},"end":{"line":2,"column":57}},"loc":{"start":{"line":2,"column":71},"end":{"line":4,"column":1}},"line":2}},"branchMap":{"0":{"loc":{"start":{"line":2,"column":22},"end":{"line":4,"column":1}},"type":"binary-expr","locations":[{"start":{"line":2,"column":23},"end":{"line":2,"column":27}},{"start":{"line":2,"column":31},"end":{"line":2,"column":51}},{"start":{"line":2,"column":56},"end":{"line":4,"column":1}}],"line":2},"1":{"loc":{"start":{"line":3,"column":11},"end":{"line":3,"column":61}},"type":"cond-expr","locations":[{"start":{"line":3,"column":37},"end":{"line":3,"column":40}},{"start":{"line":3,"column":43},"end":{"line":3,"column":61}}],"line":3},"2":{"loc":{"start":{"line":3,"column":12},"end":{"line":3,"column":33}},"type":"binary-expr","locations":[{"start":{"line":3,"column":12},"end":{"line":3,"column":15}},{"start":{"line":3,"column":19},"end":{"line":3,"column":33}}],"line":3}},"s":{"0":1,"1":2,"2":1,"3":1,"4":1,"5":1,"6":1,"7":1,"8":1},"f":{"0":2},"b":{"0":[1,1,1],"1":[2,0],"2":[2,2]},"inputSourceMap":null,"_coverageSchema":"1a1c01bbd47fc00a2c39e90264f33305004495a9","hash":"f08f83f475f69302ec671121ffb60888cb8bf4a8"}
,"/home/luska/Documents/AgroFlow-Backend/src/index.ts": {"path":"/home/luska/Documents/AgroFlow-Backend/src/index.ts","statementMap":{"0":{"start":{"line":1,"column":0},"end":{"line":1,"column":61}},"1":{"start":{"line":2,"column":0},"end":{"line":2,"column":27}},"2":{"start":{"line":3,"column":0},"end":{"line":3,"column":47}},"3":{"start":{"line":5,"column":0},"end":{"line":5,"column":null}},"4":{"start":{"line":7,"column":21},"end":{"line":7,"column":30}},"5":{"start":{"line":8,"column":13},"end":{"line":8,"column":29}},"6":{"start":{"line":9,"column":12},"end":{"line":9,"column":32}},"7":{"start":{"line":11,"column":0},"end":{"line":13,"column":null}},"8":{"start":{"line":11,"column":60},"end":{"line":13,"column":2}},"9":{"start":{"line":12,"column":2},"end":{"line":12,"column":null}},"10":{"start":{"line":15,"column":0},"end":{"line":23,"column":null}},"11":{"start":{"line":15,"column":63},"end":{"line":23,"column":2}},"12":{"start":{"line":16,"column":2},"end":{"line":22,"column":null}},"13":{"start":{"line":17,"column":4},"end":{"line":19,"column":null}},"14":{"start":{"line":18,"column":6},"end":{"line":18,"column":null}},"15":{"start":{"line":21,"column":4},"end":{"line":21,"column":null}},"16":{"start":{"line":25,"column":0},"end":{"line":29,"column":null}},"17":{"start":{"line":26,"column":2},"end":{"line":28,"column":null}},"18":{"start":{"line":27,"column":4},"end":{"line":27,"column":null}},"19":{"start":{"line":31,"column":0},"end":{"line":31,"column":null}}},"fnMap":{"0":{"name":"(anonymous_8)","decl":{"start":{"line":11,"column":13},"end":{"line":11,"column":20}},"loc":{"start":{"line":11,"column":60},"end":{"line":13,"column":2}}},"1":{"name":"(anonymous_9)","decl":{"start":{"line":11,"column":60},"end":{"line":11,"column":null}},"loc":{"start":{"line":11,"column":60},"end":{"line":13,"column":1}}},"2":{"name":"(anonymous_10)","decl":{"start":{"line":15,"column":16},"end":{"line":15,"column":23}},"loc":{"start":{"line":15,"column":63},"end":{"line":23,"column":2}}},"3":{"name":"(anonymous_11)","decl":{"start":{"line":15,"column":63},"end":{"line":15,"column":null}},"loc":{"start":{"line":15,"column":63},"end":{"line":23,"column":1}}},"4":{"name":"(anonymous_12)","decl":{"start":{"line":17,"column":41},"end":{"line":17,"column":44}},"loc":{"start":{"line":17,"column":46},"end":{"line":19,"column":5}}},"5":{"name":"(anonymous_13)","decl":{"start":{"line":26,"column":19},"end":{"line":26,"column":22}},"loc":{"start":{"line":26,"column":24},"end":{"line":28,"column":3}}}},"branchMap":{"0":{"loc":{"start":{"line":25,"column":0},"end":{"line":29,"column":null}},"type":"if","locations":[{"start":{"line":25,"column":0},"end":{"line":29,"column":null}}]}},"s":{"0":1,"1":1,"2":1,"3":1,"4":1,"5":1,"6":1,"7":1,"8":1,"9":1,"10":1,"11":1,"12":1,"13":1,"14":1,"15":0,"16":1,"17":0,"18":0,"19":1},"f":{"0":1,"1":1,"2":1,"3":1,"4":1,"5":0},"b":{"0":[0]}}
,"/home/luska/Documents/AgroFlow-Backend/src/config/db.config.ts": {"path":"/home/luska/Documents/AgroFlow-Backend/src/config/db.config.ts","statementMap":{"0":{"start":{"line":1,"column":0},"end":{"line":1,"column":27}},"1":{"start":{"line":3,"column":0},"end":{"line":3,"column":null}},"2":{"start":{"line":5,"column":39},"end":{"line":30,"column":null}},"3":{"start":{"line":32,"column":0},"end":{"line":32,"column":null}}},"fnMap":{},"branchMap":{},"s":{"0":1,"1":1,"2":1,"3":1},"f":{},"b":{}}
,"/home/luska/Documents/AgroFlow-Backend/src/config/env.ts": {"path":"/home/luska/Documents/AgroFlow-Backend/src/config/env.ts","statementMap":{"0":{"start":{"line":1,"column":32},"end":{"line":1,"column":62}},"1":{"start":{"line":3,"column":0},"end":{"line":3,"column":null}}},"fnMap":{},"branchMap":{},"s":{"0":1,"1":1},"f":{},"b":{}}
,"/home/luska/Documents/AgroFlow-Backend/src/usuario/models/index.ts": {"path":"/home/luska/Documents/AgroFlow-Backend/src/usuario/models/index.ts","statementMap":{"0":{"start":{"line":1,"column":0},"end":{"line":1,"column":37}},"1":{"start":{"line":2,"column":0},"end":{"line":2,"column":46}},"2":{"start":{"line":3,"column":0},"end":{"line":3,"column":43}},"3":{"start":{"line":5,"column":18},"end":{"line":5,"column":41}},"4":{"start":{"line":7,"column":19},"end":{"line":14,"column":null}},"5":{"start":{"line":17,"column":0},"end":{"line":17,"column":null}}},"fnMap":{},"branchMap":{},"s":{"0":1,"1":1,"2":1,"3":1,"4":1,"5":1},"f":{},"b":{}}
}
